SF:lib\main.dart
DA:6,0
DA:7,0
DA:11,2
DA:13,1
DA:15,1
DA:16,1
LF:6
LH:4
end_of_record
SF:lib\common_widget.dart
DA:4,1
LF:1
LH:1
end_of_record
SF:lib\login_screen.dart
DA:8,1
DA:10,1
DA:11,1
DA:19,1
DA:21,0
DA:22,0
DA:23,0
DA:24,0
DA:26,0
DA:30,1
DA:31,1
DA:32,1
DA:33,0
DA:35,1
DA:38,1
DA:39,1
DA:42,2
DA:46,1
DA:47,1
DA:48,1
DA:49,0
DA:52,1
DA:56,1
DA:57,1
DA:60,2
DA:64,1
DA:65,1
DA:67,1
DA:72,1
DA:73,1
DA:76,1
DA:77,1
DA:78,1
DA:80,1
DA:81,1
DA:82,1
DA:84,1
DA:85,1
DA:86,2
DA:87,1
DA:88,2
DA:89,2
DA:90,1
LF:43
LH:36
end_of_record
SF:lib\validator.dart
DA:10,0
DA:11,0
DA:12,0
DA:15,0
DA:21,0
DA:22,0
DA:25,0
LF:7
LH:0
end_of_record
